Performing C SOURCE FILE Test CMAKE_HAVE_LIBC_PTHREAD failed with the following output:
Change Dir: /home/tylor/dev/temp-susnspec-modbus/build/CMakeFiles/CMakeTmp

Run Build Command(s):/usr/bin/make cmTC_845cf/fast && make[1]: Entering directory '/home/tylor/dev/temp-susnspec-modbus/build/CMakeFiles/CMakeTmp'
/usr/bin/make  -f CMakeFiles/cmTC_845cf.dir/build.make CMakeFiles/cmTC_845cf.dir/build
make[2]: Entering directory '/home/tylor/dev/temp-susnspec-modbus/build/CMakeFiles/CMakeTmp'
Building C object CMakeFiles/cmTC_845cf.dir/src.c.o
/usr/bin/cc   -DCMAKE_HAVE_LIBC_PTHREAD -o CMakeFiles/cmTC_845cf.dir/src.c.o -c /home/tylor/dev/temp-susnspec-modbus/build/CMakeFiles/CMakeTmp/src.c
Linking C executable cmTC_845cf
/usr/local/bin/cmake -E cmake_link_script CMakeFiles/cmTC_845cf.dir/link.txt --verbose=1
/usr/bin/cc  -DCMAKE_HAVE_LIBC_PTHREAD CMakeFiles/cmTC_845cf.dir/src.c.o -o cmTC_845cf 
CMakeFiles/cmTC_845cf.dir/src.c.o: In function `main':
src.c:(.text+0x2f): undefined reference to `pthread_create'
src.c:(.text+0x3b): undefined reference to `pthread_detach'
src.c:(.text+0x47): undefined reference to `pthread_cancel'
src.c:(.text+0x58): undefined reference to `pthread_join'
src.c:(.text+0x6c): undefined reference to `pthread_atfork'
collect2: error: ld returned 1 exit status
CMakeFiles/cmTC_845cf.dir/build.make:105: recipe for target 'cmTC_845cf' failed
make[2]: *** [cmTC_845cf] Error 1
make[2]: Leaving directory '/home/tylor/dev/temp-susnspec-modbus/build/CMakeFiles/CMakeTmp'
Makefile:140: recipe for target 'cmTC_845cf/fast' failed
make[1]: *** [cmTC_845cf/fast] Error 2
make[1]: Leaving directory '/home/tylor/dev/temp-susnspec-modbus/build/CMakeFiles/CMakeTmp'


Source file was:
#include <pthread.h>

void* test_func(void* data)
{
  return data;
}

int main(void)
{
  pthread_t thread;
  pthread_create(&thread, NULL, test_func, NULL);
  pthread_detach(thread);
  pthread_cancel(thread);
  pthread_join(thread, NULL);
  pthread_atfork(NULL, NULL, NULL);
  pthread_exit(NULL);

  return 0;
}

Determining if the function pthread_create exists in the pthreads failed with the following output:
Change Dir: /home/tylor/dev/temp-susnspec-modbus/build/CMakeFiles/CMakeTmp

Run Build Command(s):/usr/bin/make cmTC_a8e8d/fast && make[1]: Entering directory '/home/tylor/dev/temp-susnspec-modbus/build/CMakeFiles/CMakeTmp'
/usr/bin/make  -f CMakeFiles/cmTC_a8e8d.dir/build.make CMakeFiles/cmTC_a8e8d.dir/build
make[2]: Entering directory '/home/tylor/dev/temp-susnspec-modbus/build/CMakeFiles/CMakeTmp'
Building C object CMakeFiles/cmTC_a8e8d.dir/CheckFunctionExists.c.o
/usr/bin/cc   -DCHECK_FUNCTION_EXISTS=pthread_create -o CMakeFiles/cmTC_a8e8d.dir/CheckFunctionExists.c.o -c /usr/local/share/cmake-3.18/Modules/CheckFunctionExists.c
Linking C executable cmTC_a8e8d
/usr/local/bin/cmake -E cmake_link_script CMakeFiles/cmTC_a8e8d.dir/link.txt --verbose=1
/usr/bin/cc  -DCHECK_FUNCTION_EXISTS=pthread_create CMakeFiles/cmTC_a8e8d.dir/CheckFunctionExists.c.o -o cmTC_a8e8d  -lpthreads 
/usr/bin/ld: cannot find -lpthreads
collect2: error: ld returned 1 exit status
CMakeFiles/cmTC_a8e8d.dir/build.make:105: recipe for target 'cmTC_a8e8d' failed
make[2]: *** [cmTC_a8e8d] Error 1
make[2]: Leaving directory '/home/tylor/dev/temp-susnspec-modbus/build/CMakeFiles/CMakeTmp'
Makefile:140: recipe for target 'cmTC_a8e8d/fast' failed
make[1]: *** [cmTC_a8e8d/fast] Error 2
make[1]: Leaving directory '/home/tylor/dev/temp-susnspec-modbus/build/CMakeFiles/CMakeTmp'



